{"/Users/mlopatiuk/learn/UNIT_TESTING/date-master/unitTestingTask.js": {"path":"/Users/mlopatiuk/learn/UNIT_TESTING/date-master/unitTestingTask.js","statementMap":{"0":{"start":{"line":1,"column":0},"end":{"line":341,"column":3}},"1":{"start":{"line":2,"column":2},"end":{"line":10,"column":3}},"2":{"start":{"line":3,"column":4},"end":{"line":5,"column":7}},"3":{"start":{"line":4,"column":6},"end":{"line":4,"column":27}},"4":{"start":{"line":6,"column":9},"end":{"line":10,"column":3}},"5":{"start":{"line":7,"column":4},"end":{"line":7,"column":35}},"6":{"start":{"line":9,"column":4},"end":{"line":9,"column":41}},"7":{"start":{"line":24,"column":14},"end":{"line":24,"column":30}},"8":{"start":{"line":25,"column":17},"end":{"line":25,"column":52}},"9":{"start":{"line":27,"column":4},"end":{"line":29,"column":5}},"10":{"start":{"line":28,"column":6},"end":{"line":28,"column":17}},"11":{"start":{"line":32,"column":4},"end":{"line":32,"column":54}},"12":{"start":{"line":34,"column":4},"end":{"line":34,"column":15}},"13":{"start":{"line":37,"column":18},"end":{"line":37,"column":69}},"14":{"start":{"line":39,"column":15},"end":{"line":122,"column":3}},"15":{"start":{"line":41,"column":6},"end":{"line":41,"column":32}},"16":{"start":{"line":44,"column":6},"end":{"line":44,"column":53}},"17":{"start":{"line":47,"column":6},"end":{"line":47,"column":68}},"18":{"start":{"line":50,"column":6},"end":{"line":50,"column":73}},"19":{"start":{"line":53,"column":6},"end":{"line":53,"column":48}},"20":{"start":{"line":56,"column":6},"end":{"line":56,"column":33}},"21":{"start":{"line":59,"column":6},"end":{"line":59,"column":71}},"22":{"start":{"line":62,"column":6},"end":{"line":62,"column":76}},"23":{"start":{"line":65,"column":6},"end":{"line":65,"column":74}},"24":{"start":{"line":68,"column":6},"end":{"line":68,"column":43}},"25":{"start":{"line":71,"column":6},"end":{"line":71,"column":28}},"26":{"start":{"line":74,"column":6},"end":{"line":74,"column":44}},"27":{"start":{"line":77,"column":6},"end":{"line":77,"column":29}},"28":{"start":{"line":80,"column":6},"end":{"line":80,"column":55}},"29":{"start":{"line":83,"column":6},"end":{"line":83,"column":40}},"30":{"start":{"line":86,"column":6},"end":{"line":86,"column":46}},"31":{"start":{"line":89,"column":6},"end":{"line":89,"column":31}},"32":{"start":{"line":92,"column":6},"end":{"line":92,"column":46}},"33":{"start":{"line":95,"column":6},"end":{"line":95,"column":31}},"34":{"start":{"line":98,"column":6},"end":{"line":98,"column":54}},"35":{"start":{"line":101,"column":6},"end":{"line":101,"column":36}},"36":{"start":{"line":104,"column":6},"end":{"line":104,"column":80}},"37":{"start":{"line":107,"column":6},"end":{"line":107,"column":79}},"38":{"start":{"line":110,"column":15},"end":{"line":110,"column":39}},"39":{"start":{"line":111,"column":16},"end":{"line":111,"column":45}},"40":{"start":{"line":112,"column":15},"end":{"line":112,"column":22}},"41":{"start":{"line":113,"column":15},"end":{"line":113,"column":33}},"42":{"start":{"line":115,"column":6},"end":{"line":115,"column":34}},"43":{"start":{"line":117,"column":6},"end":{"line":117,"column":80}},"44":{"start":{"line":120,"column":6},"end":{"line":120,"column":40}},"45":{"start":{"line":124,"column":24},"end":{"line":124,"column":26}},"46":{"start":{"line":125,"column":2},"end":{"line":129,"column":3}},"47":{"start":{"line":126,"column":4},"end":{"line":128,"column":5}},"48":{"start":{"line":127,"column":6},"end":{"line":127,"column":38}},"49":{"start":{"line":130,"column":15},"end":{"line":130,"column":58}},"50":{"start":{"line":171,"column":4},"end":{"line":173,"column":5}},"51":{"start":{"line":172,"column":6},"end":{"line":172,"column":64}},"52":{"start":{"line":175,"column":4},"end":{"line":184,"column":5}},"53":{"start":{"line":181,"column":6},"end":{"line":183,"column":8}},"54":{"start":{"line":187,"column":6},"end":{"line":191,"column":20}},"55":{"start":{"line":193,"column":4},"end":{"line":193,"column":31}},"56":{"start":{"line":195,"column":4},"end":{"line":201,"column":5}},"57":{"start":{"line":196,"column":6},"end":{"line":196,"column":53}},"58":{"start":{"line":198,"column":6},"end":{"line":200,"column":9}},"59":{"start":{"line":199,"column":8},"end":{"line":199,"column":41}},"60":{"start":{"line":209,"column":19},"end":{"line":209,"column":50}},"61":{"start":{"line":219,"column":14},"end":{"line":241,"column":3}},"62":{"start":{"line":220,"column":4},"end":{"line":222,"column":5}},"63":{"start":{"line":221,"column":6},"end":{"line":221,"column":31}},"64":{"start":{"line":224,"column":4},"end":{"line":236,"column":5}},"65":{"start":{"line":225,"column":6},"end":{"line":234,"column":7}},"66":{"start":{"line":226,"column":8},"end":{"line":226,"column":33}},"67":{"start":{"line":227,"column":13},"end":{"line":234,"column":7}},"68":{"start":{"line":228,"column":8},"end":{"line":233,"column":9}},"69":{"start":{"line":229,"column":10},"end":{"line":229,"column":36}},"70":{"start":{"line":230,"column":10},"end":{"line":230,"column":35}},"71":{"start":{"line":232,"column":10},"end":{"line":232,"column":35}},"72":{"start":{"line":235,"column":6},"end":{"line":235,"column":31}},"73":{"start":{"line":238,"column":4},"end":{"line":238,"column":30}},"74":{"start":{"line":239,"column":4},"end":{"line":239,"column":29}},"75":{"start":{"line":240,"column":4},"end":{"line":240,"column":29}},"76":{"start":{"line":244,"column":2},"end":{"line":268,"column":5}},"77":{"start":{"line":250,"column":6},"end":{"line":250,"column":43}},"78":{"start":{"line":254,"column":6},"end":{"line":254,"column":48}},"79":{"start":{"line":262,"column":6},"end":{"line":266,"column":7}},"80":{"start":{"line":263,"column":8},"end":{"line":263,"column":37}},"81":{"start":{"line":265,"column":8},"end":{"line":265,"column":37}},"82":{"start":{"line":275,"column":24},"end":{"line":280,"column":3}},"83":{"start":{"line":276,"column":4},"end":{"line":279,"column":6}},"84":{"start":{"line":277,"column":14},"end":{"line":277,"column":75}},"85":{"start":{"line":278,"column":6},"end":{"line":278,"column":38}},"86":{"start":{"line":287,"column":20},"end":{"line":287,"column":52}},"87":{"start":{"line":307,"column":18},"end":{"line":310,"column":3}},"88":{"start":{"line":308,"column":4},"end":{"line":308,"column":47}},"89":{"start":{"line":309,"column":4},"end":{"line":309,"column":28}},"90":{"start":{"line":317,"column":2},"end":{"line":319,"column":4}},"91":{"start":{"line":318,"column":4},"end":{"line":318,"column":52}},"92":{"start":{"line":322,"column":2},"end":{"line":322,"column":36}},"93":{"start":{"line":323,"column":2},"end":{"line":323,"column":34}},"94":{"start":{"line":324,"column":2},"end":{"line":324,"column":49}},"95":{"start":{"line":325,"column":2},"end":{"line":325,"column":52}},"96":{"start":{"line":328,"column":17},"end":{"line":328,"column":37}},"97":{"start":{"line":335,"column":2},"end":{"line":338,"column":4}},"98":{"start":{"line":336,"column":4},"end":{"line":336,"column":36}},"99":{"start":{"line":337,"column":4},"end":{"line":337,"column":16}},"100":{"start":{"line":340,"column":2},"end":{"line":340,"column":25}}},"fnMap":{"0":{"name":"(anonymous_0)","decl":{"start":{"line":1,"column":1},"end":{"line":1,"column":2}},"loc":{"start":{"line":1,"column":26},"end":{"line":11,"column":1}},"line":1},"1":{"name":"(anonymous_1)","decl":{"start":{"line":3,"column":30},"end":{"line":3,"column":31}},"loc":{"start":{"line":3,"column":42},"end":{"line":5,"column":5}},"line":3},"2":{"name":"(anonymous_2)","decl":{"start":{"line":11,"column":9},"end":{"line":11,"column":10}},"loc":{"start":{"line":11,"column":25},"end":{"line":341,"column":1}},"line":11},"3":{"name":"leadingZeroes","decl":{"start":{"line":23,"column":11},"end":{"line":23,"column":24}},"loc":{"start":{"line":23,"column":40},"end":{"line":35,"column":3}},"line":23},"4":{"name":"(anonymous_4)","decl":{"start":{"line":40,"column":10},"end":{"line":40,"column":11}},"loc":{"start":{"line":40,"column":26},"end":{"line":42,"column":5}},"line":40},"5":{"name":"(anonymous_5)","decl":{"start":{"line":43,"column":8},"end":{"line":43,"column":9}},"loc":{"start":{"line":43,"column":24},"end":{"line":45,"column":5}},"line":43},"6":{"name":"(anonymous_6)","decl":{"start":{"line":46,"column":10},"end":{"line":46,"column":11}},"loc":{"start":{"line":46,"column":34},"end":{"line":48,"column":5}},"line":46},"7":{"name":"(anonymous_7)","decl":{"start":{"line":49,"column":9},"end":{"line":49,"column":10}},"loc":{"start":{"line":49,"column":33},"end":{"line":51,"column":5}},"line":49},"8":{"name":"(anonymous_8)","decl":{"start":{"line":52,"column":8},"end":{"line":52,"column":9}},"loc":{"start":{"line":52,"column":24},"end":{"line":54,"column":5}},"line":52},"9":{"name":"(anonymous_9)","decl":{"start":{"line":55,"column":7},"end":{"line":55,"column":8}},"loc":{"start":{"line":55,"column":23},"end":{"line":57,"column":5}},"line":55},"10":{"name":"(anonymous_10)","decl":{"start":{"line":58,"column":9},"end":{"line":58,"column":10}},"loc":{"start":{"line":58,"column":25},"end":{"line":60,"column":5}},"line":58},"11":{"name":"(anonymous_11)","decl":{"start":{"line":61,"column":8},"end":{"line":61,"column":9}},"loc":{"start":{"line":61,"column":24},"end":{"line":63,"column":5}},"line":61},"12":{"name":"(anonymous_12)","decl":{"start":{"line":64,"column":7},"end":{"line":64,"column":8}},"loc":{"start":{"line":64,"column":23},"end":{"line":66,"column":5}},"line":64},"13":{"name":"(anonymous_13)","decl":{"start":{"line":67,"column":8},"end":{"line":67,"column":9}},"loc":{"start":{"line":67,"column":24},"end":{"line":69,"column":5}},"line":67},"14":{"name":"(anonymous_14)","decl":{"start":{"line":70,"column":7},"end":{"line":70,"column":8}},"loc":{"start":{"line":70,"column":23},"end":{"line":72,"column":5}},"line":70},"15":{"name":"(anonymous_15)","decl":{"start":{"line":73,"column":8},"end":{"line":73,"column":9}},"loc":{"start":{"line":73,"column":24},"end":{"line":75,"column":5}},"line":73},"16":{"name":"(anonymous_16)","decl":{"start":{"line":76,"column":7},"end":{"line":76,"column":8}},"loc":{"start":{"line":76,"column":23},"end":{"line":78,"column":5}},"line":76},"17":{"name":"(anonymous_17)","decl":{"start":{"line":79,"column":8},"end":{"line":79,"column":9}},"loc":{"start":{"line":79,"column":24},"end":{"line":81,"column":5}},"line":79},"18":{"name":"(anonymous_18)","decl":{"start":{"line":82,"column":7},"end":{"line":82,"column":8}},"loc":{"start":{"line":82,"column":23},"end":{"line":84,"column":5}},"line":82},"19":{"name":"(anonymous_19)","decl":{"start":{"line":85,"column":8},"end":{"line":85,"column":9}},"loc":{"start":{"line":85,"column":24},"end":{"line":87,"column":5}},"line":85},"20":{"name":"(anonymous_20)","decl":{"start":{"line":88,"column":7},"end":{"line":88,"column":8}},"loc":{"start":{"line":88,"column":23},"end":{"line":90,"column":5}},"line":88},"21":{"name":"(anonymous_21)","decl":{"start":{"line":91,"column":8},"end":{"line":91,"column":9}},"loc":{"start":{"line":91,"column":24},"end":{"line":93,"column":5}},"line":91},"22":{"name":"(anonymous_22)","decl":{"start":{"line":94,"column":7},"end":{"line":94,"column":8}},"loc":{"start":{"line":94,"column":23},"end":{"line":96,"column":5}},"line":94},"23":{"name":"(anonymous_23)","decl":{"start":{"line":97,"column":8},"end":{"line":97,"column":9}},"loc":{"start":{"line":97,"column":24},"end":{"line":99,"column":5}},"line":97},"24":{"name":"(anonymous_24)","decl":{"start":{"line":100,"column":7},"end":{"line":100,"column":8}},"loc":{"start":{"line":100,"column":23},"end":{"line":102,"column":5}},"line":100},"25":{"name":"(anonymous_25)","decl":{"start":{"line":103,"column":7},"end":{"line":103,"column":8}},"loc":{"start":{"line":103,"column":23},"end":{"line":105,"column":5}},"line":103},"26":{"name":"(anonymous_26)","decl":{"start":{"line":106,"column":7},"end":{"line":106,"column":8}},"loc":{"start":{"line":106,"column":23},"end":{"line":108,"column":5}},"line":106},"27":{"name":"(anonymous_27)","decl":{"start":{"line":109,"column":8},"end":{"line":109,"column":9}},"loc":{"start":{"line":109,"column":43},"end":{"line":118,"column":5}},"line":109},"28":{"name":"(anonymous_28)","decl":{"start":{"line":119,"column":7},"end":{"line":119,"column":8}},"loc":{"start":{"line":119,"column":23},"end":{"line":121,"column":5}},"line":119},"29":{"name":"unitTestingTask","decl":{"start":{"line":170,"column":11},"end":{"line":170,"column":26}},"loc":{"start":{"line":170,"column":41},"end":{"line":202,"column":3}},"line":170},"30":{"name":"(anonymous_30)","decl":{"start":{"line":198,"column":36},"end":{"line":198,"column":37}},"loc":{"start":{"line":198,"column":53},"end":{"line":200,"column":7}},"line":198},"31":{"name":"(anonymous_31)","decl":{"start":{"line":219,"column":37},"end":{"line":219,"column":38}},"loc":{"start":{"line":219,"column":62},"end":{"line":241,"column":3}},"line":219},"32":{"name":"(anonymous_32)","decl":{"start":{"line":249,"column":12},"end":{"line":249,"column":13}},"loc":{"start":{"line":249,"column":28},"end":{"line":251,"column":5}},"line":249},"33":{"name":"(anonymous_33)","decl":{"start":{"line":253,"column":17},"end":{"line":253,"column":18}},"loc":{"start":{"line":253,"column":33},"end":{"line":255,"column":5}},"line":253},"34":{"name":"(anonymous_34)","decl":{"start":{"line":261,"column":14},"end":{"line":261,"column":15}},"loc":{"start":{"line":261,"column":40},"end":{"line":267,"column":5}},"line":261},"35":{"name":"(anonymous_35)","decl":{"start":{"line":275,"column":24},"end":{"line":275,"column":25}},"loc":{"start":{"line":275,"column":42},"end":{"line":280,"column":3}},"line":275},"36":{"name":"(anonymous_36)","decl":{"start":{"line":276,"column":11},"end":{"line":276,"column":12}},"loc":{"start":{"line":276,"column":27},"end":{"line":279,"column":5}},"line":276},"37":{"name":"(anonymous_37)","decl":{"start":{"line":307,"column":45},"end":{"line":307,"column":46}},"loc":{"start":{"line":307,"column":69},"end":{"line":310,"column":3}},"line":307},"38":{"name":"(anonymous_38)","decl":{"start":{"line":317,"column":31},"end":{"line":317,"column":32}},"loc":{"start":{"line":317,"column":43},"end":{"line":319,"column":3}},"line":317},"39":{"name":"(anonymous_39)","decl":{"start":{"line":335,"column":31},"end":{"line":335,"column":32}},"loc":{"start":{"line":335,"column":43},"end":{"line":338,"column":3}},"line":335}},"branchMap":{"0":{"loc":{"start":{"line":2,"column":2},"end":{"line":10,"column":3}},"type":"if","locations":[{"start":{"line":2,"column":2},"end":{"line":10,"column":3}},{"start":{"line":6,"column":9},"end":{"line":10,"column":3}}],"line":2},"1":{"loc":{"start":{"line":2,"column":6},"end":{"line":2,"column":48}},"type":"binary-expr","locations":[{"start":{"line":2,"column":6},"end":{"line":2,"column":34}},{"start":{"line":2,"column":38},"end":{"line":2,"column":48}}],"line":2},"2":{"loc":{"start":{"line":6,"column":9},"end":{"line":10,"column":3}},"type":"if","locations":[{"start":{"line":6,"column":9},"end":{"line":10,"column":3}},{"start":{"line":8,"column":9},"end":{"line":10,"column":3}}],"line":6},"3":{"loc":{"start":{"line":25,"column":17},"end":{"line":25,"column":52}},"type":"cond-expr","locations":[{"start":{"line":25,"column":42},"end":{"line":25,"column":48}},{"start":{"line":25,"column":51},"end":{"line":25,"column":52}}],"line":25},"4":{"loc":{"start":{"line":27,"column":4},"end":{"line":29,"column":5}},"type":"if","locations":[{"start":{"line":27,"column":4},"end":{"line":29,"column":5}},{"start":{},"end":{}}],"line":27},"5":{"loc":{"start":{"line":37,"column":21},"end":{"line":37,"column":68}},"type":"binary-expr","locations":[{"start":{"line":37,"column":21},"end":{"line":37,"column":50}},{"start":{"line":37,"column":54},"end":{"line":37,"column":68}}],"line":37},"6":{"loc":{"start":{"line":80,"column":27},"end":{"line":80,"column":53}},"type":"binary-expr","locations":[{"start":{"line":80,"column":27},"end":{"line":80,"column":47}},{"start":{"line":80,"column":51},"end":{"line":80,"column":53}}],"line":80},"7":{"loc":{"start":{"line":83,"column":13},"end":{"line":83,"column":39}},"type":"binary-expr","locations":[{"start":{"line":83,"column":13},"end":{"line":83,"column":33}},{"start":{"line":83,"column":37},"end":{"line":83,"column":39}}],"line":83},"8":{"loc":{"start":{"line":113,"column":15},"end":{"line":113,"column":33}},"type":"cond-expr","locations":[{"start":{"line":113,"column":24},"end":{"line":113,"column":27}},{"start":{"line":113,"column":30},"end":{"line":113,"column":33}}],"line":113},"9":{"loc":{"start":{"line":115,"column":18},"end":{"line":115,"column":33}},"type":"binary-expr","locations":[{"start":{"line":115,"column":18},"end":{"line":115,"column":27}},{"start":{"line":115,"column":31},"end":{"line":115,"column":33}}],"line":115},"10":{"loc":{"start":{"line":126,"column":4},"end":{"line":128,"column":5}},"type":"if","locations":[{"start":{"line":126,"column":4},"end":{"line":128,"column":5}},{"start":{},"end":{}}],"line":126},"11":{"loc":{"start":{"line":171,"column":4},"end":{"line":173,"column":5}},"type":"if","locations":[{"start":{"line":171,"column":4},"end":{"line":173,"column":5}},{"start":{},"end":{}}],"line":171},"12":{"loc":{"start":{"line":171,"column":8},"end":{"line":171,"column":45}},"type":"binary-expr","locations":[{"start":{"line":171,"column":8},"end":{"line":171,"column":15}},{"start":{"line":171,"column":19},"end":{"line":171,"column":45}}],"line":171},"13":{"loc":{"start":{"line":175,"column":4},"end":{"line":184,"column":5}},"type":"if","locations":[{"start":{"line":175,"column":4},"end":{"line":184,"column":5}},{"start":{},"end":{}}],"line":175},"14":{"loc":{"start":{"line":176,"column":6},"end":{"line":179,"column":30}},"type":"binary-expr","locations":[{"start":{"line":176,"column":6},"end":{"line":176,"column":24}},{"start":{"line":177,"column":6},"end":{"line":177,"column":29}},{"start":{"line":178,"column":6},"end":{"line":178,"column":30}},{"start":{"line":179,"column":6},"end":{"line":179,"column":30}}],"line":176},"15":{"loc":{"start":{"line":187,"column":6},"end":{"line":191,"column":20}},"type":"cond-expr","locations":[{"start":{"line":188,"column":10},"end":{"line":190,"column":26}},{"start":{"line":191,"column":10},"end":{"line":191,"column":20}}],"line":187},"16":{"loc":{"start":{"line":187,"column":6},"end":{"line":187,"column":36}},"type":"binary-expr","locations":[{"start":{"line":187,"column":6},"end":{"line":187,"column":28}},{"start":{"line":187,"column":32},"end":{"line":187,"column":36}}],"line":187},"17":{"loc":{"start":{"line":188,"column":10},"end":{"line":190,"column":26}},"type":"cond-expr","locations":[{"start":{"line":189,"column":12},"end":{"line":189,"column":16}},{"start":{"line":190,"column":12},"end":{"line":190,"column":26}}],"line":188},"18":{"loc":{"start":{"line":195,"column":4},"end":{"line":201,"column":5}},"type":"if","locations":[{"start":{"line":195,"column":4},"end":{"line":201,"column":5}},{"start":{"line":197,"column":11},"end":{"line":201,"column":5}}],"line":195},"19":{"loc":{"start":{"line":220,"column":4},"end":{"line":222,"column":5}},"type":"if","locations":[{"start":{"line":220,"column":4},"end":{"line":222,"column":5}},{"start":{},"end":{}}],"line":220},"20":{"loc":{"start":{"line":224,"column":4},"end":{"line":236,"column":5}},"type":"if","locations":[{"start":{"line":224,"column":4},"end":{"line":236,"column":5}},{"start":{},"end":{}}],"line":224},"21":{"loc":{"start":{"line":225,"column":6},"end":{"line":234,"column":7}},"type":"if","locations":[{"start":{"line":225,"column":6},"end":{"line":234,"column":7}},{"start":{"line":227,"column":13},"end":{"line":234,"column":7}}],"line":225},"22":{"loc":{"start":{"line":225,"column":10},"end":{"line":225,"column":55}},"type":"binary-expr","locations":[{"start":{"line":225,"column":10},"end":{"line":225,"column":25}},{"start":{"line":225,"column":29},"end":{"line":225,"column":55}}],"line":225},"23":{"loc":{"start":{"line":227,"column":13},"end":{"line":234,"column":7}},"type":"if","locations":[{"start":{"line":227,"column":13},"end":{"line":234,"column":7}},{"start":{},"end":{}}],"line":227},"24":{"loc":{"start":{"line":262,"column":6},"end":{"line":266,"column":7}},"type":"if","locations":[{"start":{"line":262,"column":6},"end":{"line":266,"column":7}},{"start":{"line":264,"column":13},"end":{"line":266,"column":7}}],"line":262},"25":{"loc":{"start":{"line":263,"column":15},"end":{"line":263,"column":36}},"type":"cond-expr","locations":[{"start":{"line":263,"column":25},"end":{"line":263,"column":29}},{"start":{"line":263,"column":32},"end":{"line":263,"column":36}}],"line":263},"26":{"loc":{"start":{"line":265,"column":15},"end":{"line":265,"column":36}},"type":"cond-expr","locations":[{"start":{"line":265,"column":25},"end":{"line":265,"column":29}},{"start":{"line":265,"column":32},"end":{"line":265,"column":36}}],"line":265},"27":{"loc":{"start":{"line":277,"column":14},"end":{"line":277,"column":75}},"type":"binary-expr","locations":[{"start":{"line":277,"column":14},"end":{"line":277,"column":44}},{"start":{"line":277,"column":48},"end":{"line":277,"column":65}},{"start":{"line":277,"column":69},"end":{"line":277,"column":75}}],"line":277}},"s":{"0":2,"1":2,"2":0,"3":0,"4":2,"5":2,"6":0,"7":21,"8":21,"9":21,"10":1,"11":20,"12":20,"13":2,"14":2,"15":4,"16":1,"17":3,"18":2,"19":4,"20":1,"21":2,"22":5,"23":2,"24":2,"25":2,"26":5,"27":1,"28":1,"29":1,"30":2,"31":1,"32":1,"33":2,"34":1,"35":1,"36":2,"37":6,"38":2,"39":2,"40":2,"41":2,"42":2,"43":2,"44":1,"45":2,"46":2,"47":50,"48":50,"49":2,"50":48,"51":4,"52":44,"53":3,"54":41,"55":41,"56":41,"57":0,"58":41,"59":54,"60":2,"61":2,"62":36,"63":24,"64":12,"65":7,"66":2,"67":5,"68":5,"69":5,"70":2,"71":3,"72":4,"73":5,"74":5,"75":5,"76":2,"77":1,"78":1,"79":4,"80":2,"81":2,"82":2,"83":8,"84":0,"85":0,"86":2,"87":2,"88":8,"89":8,"90":2,"91":0,"92":2,"93":2,"94":2,"95":2,"96":2,"97":2,"98":0,"99":0,"100":2},"f":{"0":2,"1":0,"2":2,"3":21,"4":4,"5":1,"6":3,"7":2,"8":4,"9":1,"10":2,"11":5,"12":2,"13":2,"14":2,"15":5,"16":1,"17":1,"18":1,"19":2,"20":1,"21":1,"22":2,"23":1,"24":1,"25":2,"26":6,"27":2,"28":1,"29":48,"30":54,"31":36,"32":1,"33":1,"34":4,"35":8,"36":0,"37":8,"38":0,"39":0},"b":{"0":[0,2],"1":[2,0],"2":[2,0],"3":[1,20],"4":[1,20],"5":[2,2],"6":[1,0],"7":[1,0],"8":[0,2],"9":[2,1],"10":[50,0],"11":[4,44],"12":[48,46],"13":[3,41],"14":[44,44,44,43],"15":[41,0],"16":[41,41],"17":[0,41],"18":[0,41],"19":[24,12],"20":[7,5],"21":[2,5],"22":[7,5],"23":[5,0],"24":[2,2],"25":[1,1],"26":[1,1],"27":[0,0,0]},"_coverageSchema":"1a1c01bbd47fc00a2c39e90264f33305004495a9","hash":"eaa0298d3abf8bdc5e72cd8d5d4429a89163e626"}
,"/Users/mlopatiuk/learn/UNIT_TESTING/date-master/lang/uk.js": {"path":"/Users/mlopatiuk/learn/UNIT_TESTING/date-master/lang/uk.js","statementMap":{"0":{"start":{"line":1,"column":0},"end":{"line":47,"column":3}},"1":{"start":{"line":2,"column":2},"end":{"line":8,"column":3}},"2":{"start":{"line":3,"column":4},"end":{"line":3,"column":41}},"3":{"start":{"line":4,"column":9},"end":{"line":8,"column":3}},"4":{"start":{"line":5,"column":4},"end":{"line":5,"column":60}},"5":{"start":{"line":7,"column":4},"end":{"line":7,"column":36}},"6":{"start":{"line":10,"column":2},"end":{"line":46,"column":5}},"7":{"start":{"line":22,"column":21},"end":{"line":22,"column":77}},"8":{"start":{"line":23,"column":6},"end":{"line":23,"column":53}},"9":{"start":{"line":28,"column":6},"end":{"line":28,"column":48}},"10":{"start":{"line":36,"column":6},"end":{"line":44,"column":7}},"11":{"start":{"line":37,"column":8},"end":{"line":37,"column":22}},"12":{"start":{"line":38,"column":13},"end":{"line":44,"column":7}},"13":{"start":{"line":39,"column":8},"end":{"line":39,"column":23}},"14":{"start":{"line":40,"column":13},"end":{"line":44,"column":7}},"15":{"start":{"line":41,"column":8},"end":{"line":41,"column":21}},"16":{"start":{"line":43,"column":8},"end":{"line":43,"column":24}}},"fnMap":{"0":{"name":"(anonymous_0)","decl":{"start":{"line":1,"column":1},"end":{"line":1,"column":2}},"loc":{"start":{"line":1,"column":20},"end":{"line":9,"column":1}},"line":1},"1":{"name":"(anonymous_1)","decl":{"start":{"line":9,"column":3},"end":{"line":9,"column":4}},"loc":{"start":{"line":9,"column":30},"end":{"line":47,"column":1}},"line":9},"2":{"name":"(anonymous_2)","decl":{"start":{"line":21,"column":12},"end":{"line":21,"column":13}},"loc":{"start":{"line":21,"column":36},"end":{"line":24,"column":5}},"line":21},"3":{"name":"(anonymous_3)","decl":{"start":{"line":27,"column":17},"end":{"line":27,"column":18}},"loc":{"start":{"line":27,"column":33},"end":{"line":29,"column":5}},"line":27},"4":{"name":"(anonymous_4)","decl":{"start":{"line":35,"column":14},"end":{"line":35,"column":15}},"loc":{"start":{"line":35,"column":30},"end":{"line":45,"column":5}},"line":35}},"branchMap":{"0":{"loc":{"start":{"line":2,"column":2},"end":{"line":8,"column":3}},"type":"if","locations":[{"start":{"line":2,"column":2},"end":{"line":8,"column":3}},{"start":{"line":4,"column":9},"end":{"line":8,"column":3}}],"line":2},"1":{"loc":{"start":{"line":2,"column":6},"end":{"line":2,"column":48}},"type":"binary-expr","locations":[{"start":{"line":2,"column":6},"end":{"line":2,"column":34}},{"start":{"line":2,"column":38},"end":{"line":2,"column":48}}],"line":2},"2":{"loc":{"start":{"line":4,"column":9},"end":{"line":8,"column":3}},"type":"if","locations":[{"start":{"line":4,"column":9},"end":{"line":8,"column":3}},{"start":{"line":6,"column":9},"end":{"line":8,"column":3}}],"line":4},"3":{"loc":{"start":{"line":22,"column":21},"end":{"line":22,"column":77}},"type":"cond-expr","locations":[{"start":{"line":22,"column":50},"end":{"line":22,"column":62}},{"start":{"line":22,"column":65},"end":{"line":22,"column":77}}],"line":22},"4":{"loc":{"start":{"line":36,"column":6},"end":{"line":44,"column":7}},"type":"if","locations":[{"start":{"line":36,"column":6},"end":{"line":44,"column":7}},{"start":{"line":38,"column":13},"end":{"line":44,"column":7}}],"line":36},"5":{"loc":{"start":{"line":38,"column":13},"end":{"line":44,"column":7}},"type":"if","locations":[{"start":{"line":38,"column":13},"end":{"line":44,"column":7}},{"start":{"line":40,"column":13},"end":{"line":44,"column":7}}],"line":38},"6":{"loc":{"start":{"line":40,"column":13},"end":{"line":44,"column":7}},"type":"if","locations":[{"start":{"line":40,"column":13},"end":{"line":44,"column":7}},{"start":{"line":42,"column":13},"end":{"line":44,"column":7}}],"line":40}},"s":{"0":2,"1":2,"2":0,"3":2,"4":2,"5":0,"6":2,"7":2,"8":2,"9":1,"10":4,"11":1,"12":3,"13":1,"14":2,"15":1,"16":1},"f":{"0":2,"1":2,"2":2,"3":1,"4":4},"b":{"0":[0,2],"1":[2,0],"2":[2,0],"3":[1,1],"4":[1,3],"5":[1,2],"6":[1,1]},"_coverageSchema":"1a1c01bbd47fc00a2c39e90264f33305004495a9","hash":"b8a1e65baf933f327061e2337b312f459f5b1b37"}
}
