TN:
SF:unitTestingTask.js
FN:1,(anonymous_0)
FN:3,(anonymous_1)
FN:11,(anonymous_2)
FN:23,leadingZeroes
FN:40,(anonymous_4)
FN:43,(anonymous_5)
FN:46,(anonymous_6)
FN:49,(anonymous_7)
FN:52,(anonymous_8)
FN:55,(anonymous_9)
FN:58,(anonymous_10)
FN:61,(anonymous_11)
FN:64,(anonymous_12)
FN:67,(anonymous_13)
FN:70,(anonymous_14)
FN:73,(anonymous_15)
FN:76,(anonymous_16)
FN:79,(anonymous_17)
FN:82,(anonymous_18)
FN:85,(anonymous_19)
FN:88,(anonymous_20)
FN:91,(anonymous_21)
FN:94,(anonymous_22)
FN:97,(anonymous_23)
FN:100,(anonymous_24)
FN:103,(anonymous_25)
FN:106,(anonymous_26)
FN:109,(anonymous_27)
FN:119,(anonymous_28)
FN:170,unitTestingTask
FN:198,(anonymous_30)
FN:219,(anonymous_31)
FN:249,(anonymous_32)
FN:253,(anonymous_33)
FN:261,(anonymous_34)
FN:275,(anonymous_35)
FN:276,(anonymous_36)
FN:307,(anonymous_37)
FN:317,(anonymous_38)
FN:335,(anonymous_39)
FNF:40
FNH:36
FNDA:2,(anonymous_0)
FNDA:0,(anonymous_1)
FNDA:2,(anonymous_2)
FNDA:21,leadingZeroes
FNDA:4,(anonymous_4)
FNDA:1,(anonymous_5)
FNDA:3,(anonymous_6)
FNDA:2,(anonymous_7)
FNDA:4,(anonymous_8)
FNDA:1,(anonymous_9)
FNDA:2,(anonymous_10)
FNDA:5,(anonymous_11)
FNDA:2,(anonymous_12)
FNDA:2,(anonymous_13)
FNDA:2,(anonymous_14)
FNDA:5,(anonymous_15)
FNDA:1,(anonymous_16)
FNDA:1,(anonymous_17)
FNDA:1,(anonymous_18)
FNDA:2,(anonymous_19)
FNDA:1,(anonymous_20)
FNDA:1,(anonymous_21)
FNDA:2,(anonymous_22)
FNDA:1,(anonymous_23)
FNDA:1,(anonymous_24)
FNDA:2,(anonymous_25)
FNDA:6,(anonymous_26)
FNDA:2,(anonymous_27)
FNDA:1,(anonymous_28)
FNDA:48,unitTestingTask
FNDA:54,(anonymous_30)
FNDA:36,(anonymous_31)
FNDA:1,(anonymous_32)
FNDA:1,(anonymous_33)
FNDA:4,(anonymous_34)
FNDA:8,(anonymous_35)
FNDA:0,(anonymous_36)
FNDA:8,(anonymous_37)
FNDA:0,(anonymous_38)
FNDA:0,(anonymous_39)
DA:1,2
DA:2,2
DA:3,0
DA:4,0
DA:6,2
DA:7,2
DA:9,0
DA:24,21
DA:25,21
DA:27,21
DA:28,1
DA:32,20
DA:34,20
DA:37,2
DA:39,2
DA:41,4
DA:44,1
DA:47,3
DA:50,2
DA:53,4
DA:56,1
DA:59,2
DA:62,5
DA:65,2
DA:68,2
DA:71,2
DA:74,5
DA:77,1
DA:80,1
DA:83,1
DA:86,2
DA:89,1
DA:92,1
DA:95,2
DA:98,1
DA:101,1
DA:104,2
DA:107,6
DA:110,2
DA:111,2
DA:112,2
DA:113,2
DA:115,2
DA:117,2
DA:120,1
DA:124,2
DA:125,2
DA:126,50
DA:127,50
DA:130,2
DA:171,48
DA:172,4
DA:175,44
DA:181,3
DA:187,41
DA:193,41
DA:195,41
DA:196,0
DA:198,41
DA:199,54
DA:209,2
DA:219,2
DA:220,36
DA:221,24
DA:224,12
DA:225,7
DA:226,2
DA:227,5
DA:228,5
DA:229,5
DA:230,2
DA:232,3
DA:235,4
DA:238,5
DA:239,5
DA:240,5
DA:244,2
DA:250,1
DA:254,1
DA:262,4
DA:263,2
DA:265,2
DA:275,2
DA:276,8
DA:277,0
DA:278,0
DA:287,2
DA:307,2
DA:308,8
DA:309,8
DA:317,2
DA:318,0
DA:322,2
DA:323,2
DA:324,2
DA:325,2
DA:328,2
DA:335,2
DA:336,0
DA:337,0
DA:340,2
LF:101
LH:92
BRDA:2,0,0,0
BRDA:2,0,1,2
BRDA:2,1,0,2
BRDA:2,1,1,0
BRDA:6,2,0,2
BRDA:6,2,1,0
BRDA:25,3,0,1
BRDA:25,3,1,20
BRDA:27,4,0,1
BRDA:27,4,1,20
BRDA:37,5,0,2
BRDA:37,5,1,2
BRDA:80,6,0,1
BRDA:80,6,1,0
BRDA:83,7,0,1
BRDA:83,7,1,0
BRDA:113,8,0,0
BRDA:113,8,1,2
BRDA:115,9,0,2
BRDA:115,9,1,1
BRDA:126,10,0,50
BRDA:126,10,1,0
BRDA:171,11,0,4
BRDA:171,11,1,44
BRDA:171,12,0,48
BRDA:171,12,1,46
BRDA:175,13,0,3
BRDA:175,13,1,41
BRDA:176,14,0,44
BRDA:176,14,1,44
BRDA:176,14,2,44
BRDA:176,14,3,43
BRDA:187,15,0,41
BRDA:187,15,1,0
BRDA:187,16,0,41
BRDA:187,16,1,41
BRDA:188,17,0,0
BRDA:188,17,1,41
BRDA:195,18,0,0
BRDA:195,18,1,41
BRDA:220,19,0,24
BRDA:220,19,1,12
BRDA:224,20,0,7
BRDA:224,20,1,5
BRDA:225,21,0,2
BRDA:225,21,1,5
BRDA:225,22,0,7
BRDA:225,22,1,5
BRDA:227,23,0,5
BRDA:227,23,1,0
BRDA:262,24,0,2
BRDA:262,24,1,2
BRDA:263,25,0,1
BRDA:263,25,1,1
BRDA:265,26,0,1
BRDA:265,26,1,1
BRDA:277,27,0,0
BRDA:277,27,1,0
BRDA:277,27,2,0
BRF:59
BRH:45
end_of_record
TN:
SF:lang/uk.js
FN:1,(anonymous_0)
FN:9,(anonymous_1)
FN:21,(anonymous_2)
FN:27,(anonymous_3)
FN:35,(anonymous_4)
FNF:5
FNH:5
FNDA:2,(anonymous_0)
FNDA:2,(anonymous_1)
FNDA:2,(anonymous_2)
FNDA:1,(anonymous_3)
FNDA:4,(anonymous_4)
DA:1,2
DA:2,2
DA:3,0
DA:4,2
DA:5,2
DA:7,0
DA:10,2
DA:22,2
DA:23,2
DA:28,1
DA:36,4
DA:37,1
DA:38,3
DA:39,1
DA:40,2
DA:41,1
DA:43,1
LF:17
LH:15
BRDA:2,0,0,0
BRDA:2,0,1,2
BRDA:2,1,0,2
BRDA:2,1,1,0
BRDA:4,2,0,2
BRDA:4,2,1,0
BRDA:22,3,0,1
BRDA:22,3,1,1
BRDA:36,4,0,1
BRDA:36,4,1,3
BRDA:38,5,0,1
BRDA:38,5,1,2
BRDA:40,6,0,1
BRDA:40,6,1,1
BRF:14
BRH:11
end_of_record
